Added Component: Designator=C1(CAPC1608X90N)
Add component. Clean all parameters for all variants
Add component (AddParameter): Name = "Datasheet Link"; Value = "https://componentsearchengine.com/Datasheets/1/GRM188R60J106ME84J.pdf"; VariantName = "[No Variations]"
Add component (AddParameter): Name = "Height"; Value = "0.9mm"; VariantName = "[No Variations]"
Add component (AddParameter): Name = "Manufacturer_Name"; Value = "Murata Electronics"; VariantName = "[No Variations]"
Add component (AddParameter): Name = "Manufacturer_Part_Number"; Value = "GRM188R60J106ME84J"; VariantName = "[No Variations]"
Add component (AddParameter): Name = "Mouser2 Part Number"; Value = "81-GRM188R60J106ME4J"; VariantName = "[No Variations]"
Add component (AddParameter): Name = "Mouser2 Price/Stock"; Value = "https://www.mouser.com/Search/Refine.aspx?Keyword=81-GRM188R60J106ME4J"; VariantName = "[No Variations]"
Added Component: Designator=C2(CAPC1608X90N)
Add component. Clean all parameters for all variants
Add component (AddParameter): Name = "Datasheet Link"; Value = "https://componentsearchengine.com/Datasheets/1/GRM188R60J106ME84J.pdf"; VariantName = "[No Variations]"
Add component (AddParameter): Name = "Height"; Value = "0.9mm"; VariantName = "[No Variations]"
Add component (AddParameter): Name = "Manufacturer_Name"; Value = "Murata Electronics"; VariantName = "[No Variations]"
Add component (AddParameter): Name = "Manufacturer_Part_Number"; Value = "GRM188R60J106ME84J"; VariantName = "[No Variations]"
Add component (AddParameter): Name = "Mouser2 Part Number"; Value = "81-GRM188R60J106ME4J"; VariantName = "[No Variations]"
Add component (AddParameter): Name = "Mouser2 Price/Stock"; Value = "https://www.mouser.com/Search/Refine.aspx?Keyword=81-GRM188R60J106ME4J"; VariantName = "[No Variations]"
Added Pin To Net: NetName=GND Pin=C1-1
Added Pin To Net: NetName=GND Pin=C2-1
Added Pin To Net: NetName=NetD3_8 Pin=C2-2
Change Net Name : Old Net Name=NetD3_8 New Net Name=NetC2_2
Added Pin To Net: NetName=NetC1_2 Pin=C1-2
Added Pin To Net: NetName=NetC1_2 Pin=L1-1
Added Net: Name=NetC1_2
Added Member To Class: ClassName=Sheet1 Member=Component C1 GRM188R60J106ME84J
Added Member To Class: ClassName=Sheet1 Member=Component C2 GRM188R60J106ME84J
Added Member To Class: ClassName=Sheet1 Member=Component R3 *
Added Member To Class: ClassName=Sheet1 Member=Component R4 *
Added Room: Name=Sheet1
