Removed Pin From Net: NetName=GND Pin=C6-1
Removed Pin From Net: NetName=NetC5_2 Pin=D2-4
Removed Pin From Net: NetName=NetC4_2 Pin=D2-6
Removed Pin From Net: NetName=NetD4_7 Pin=R13-1
Removed Pin From Net: NetName=NetD4_1 Pin=R14-1
Removed Pin From Net: NetName=NetD4_4 Pin=R20-1
Removed Pin From Net: NetName=NetD4_6 Pin=R21-2
Removed Pin From Net: NetName=NetC4_2 Pin=ZQ1-2
Removed Pin From Net: NetName=NetC5_2 Pin=ZQ2-1
Change Component Footprint: Designator=C1 Old Footprint=C0805 New Footprint=CAPC1608X87N
Change Component Footprint: Designator=C2 Old Footprint=C0805 New Footprint=CAPC1608X87N
Change Component Footprint: Designator=C7 Old Footprint=C0805 New Footprint=CAPC1608X87N
Change Component Footprint: Designator=C10 Old Footprint=C0805 New Footprint=CAPC1608X87N
Change Component Footprint: Designator=R1 Old Footprint=R1206 New Footprint=R0603
Change Component Footprint: Designator=R2 Old Footprint=R1206 New Footprint=R0603
Change Component Footprint: Designator=R3 Old Footprint=R1206 New Footprint=R0603
Change Component Footprint: Designator=R4 Old Footprint=R1206 New Footprint=R0603
Change Component Footprint: Designator=R12 Old Footprint=R1206 New Footprint=R0603
Change Component Comment : Designator=R9 Old Comment=* New Comment=0
Change Component Comment : Designator=R14 Old Comment=* New Comment=0
Change Component Comment : Designator=R20 Old Comment=* New Comment=0
Change Component Comment : Designator=R10 Old Comment=* New Comment=10
Change Component Comment : Designator=R15 Old Comment=* New Comment=10
Change Component Comment : Designator=R16 Old Comment=* New Comment=10
Change Component Comment : Designator=R17 Old Comment=* New Comment=10
Change Component Comment : Designator=R18 Old Comment=* New Comment=10
Change Component Comment : Designator=R19 Old Comment=* New Comment=10
Change Component Comment : Designator=R1 Old Comment=* New Comment=10M
Change Component Comment : Designator=R2 Old Comment=* New Comment=10M
Change Component Comment : Designator=R3 Old Comment=* New Comment=10M
Change Component Comment : Designator=R4 Old Comment=* New Comment=10M
Change Component Comment : Designator=R5 Old Comment=* New Comment=10M
Change Component Comment : Designator=R6 Old Comment=* New Comment=10M
Change Component Comment : Designator=R7 Old Comment=* New Comment=10M
Change Component Comment : Designator=R8 Old Comment=* New Comment=10M
Change Component Comment : Designator=R11 Old Comment=* New Comment=10M
Change Component Comment : Designator=R12 Old Comment=* New Comment=10M
Change Component Comment : Designator=R13 Old Comment=* New Comment=47k
Change Component Comment : Designator=R21 Old Comment=* New Comment=47k
Change Component Comment : Designator=C1 Old Comment=* New Comment=100nF
Change Component Comment : Designator=C3 Old Comment=22pF New Comment=18pF
Change Component Comment : Designator=C4 Old Comment=22pF New Comment=18pF
Change Component Comment : Designator=C5 Old Comment=22pF New Comment=18pF
Change Component Designator: OldDesignator=C3 NewDesignator=C6
Change Component Designator: OldDesignator=R6 NewDesignator=R7
Change Component Designator: OldDesignator=R7 NewDesignator=R8
Change Component Designator: OldDesignator=R8 NewDesignator=R9
Change Component Designator: OldDesignator=R9 NewDesignator=R10
Change Component Designator: OldDesignator=R10 NewDesignator=R11
Change Component Designator: OldDesignator=R11 NewDesignator=R12
Change Component Designator: OldDesignator=R12 NewDesignator=R13
Change Component Designator: OldDesignator=R13 NewDesignator=R15
Change Component Designator: OldDesignator=R14 NewDesignator=R16
Change Component Designator: OldDesignator=R15 NewDesignator=R17
Change Component Designator: OldDesignator=R16 NewDesignator=R18
Change Component Designator: OldDesignator=R17 NewDesignator=R19
Change Component Designator: OldDesignator=R18 NewDesignator=R20
Change Component Designator: OldDesignator=R19 NewDesignator=R21
Change Component Designator: OldDesignator=R20 NewDesignator=R22
Change Component Designator: OldDesignator=R21 NewDesignator=R23
Change component parameters: Designator = "D4"; Footprint = "SOIC127P600X175-8N"; UniqueID = "\KLJYRIIJ"
Change component parameters. Clean all parameters for all variants
Change component parameters (AddParameter): Name = "Datasheet Link"; Value = "https://componentsearchengine.com/Datasheets/1/ST485CDR.pdf"; VariantName = "[No Variations]"
Change component parameters (AddParameter): Name = "Height"; Value = "1.75mm"; VariantName = "[No Variations]"
Change component parameters (AddParameter): Name = "Manufacturer_Name"; Value = "STMicroelectronics"; VariantName = "[No Variations]"
Change component parameters (AddParameter): Name = "Manufacturer_Part_Number"; Value = "ST485CDR"; VariantName = "[No Variations]"
Change component parameters (AddParameter): Name = "Model"; Value = "ST485CDR"; VariantName = "[No Variations]"
Change component parameters (AddParameter): Name = "Mouser2 Part Number"; Value = "511-ST485CDR"; VariantName = "[No Variations]"
Change component parameters (AddParameter): Name = "Mouser2 Price/Stock"; Value = "https://www.mouser.com/Search/Refine.aspx?Keyword=511-ST485CDR"; VariantName = "[No Variations]"
Change component parameters: Designator = "DA1"; Footprint = "SOT65P210X110-6N"; UniqueID = "\QOUFITIJ"
Change component parameters. Clean all parameters for all variants
Change component parameters (AddParameter): Name = "Datasheet Link"; Value = "https://www.ti.com/lit/gpn/TPS61222"; VariantName = "[No Variations]"
Change component parameters (AddParameter): Name = "Height"; Value = "1.1mm"; VariantName = "[No Variations]"
Change component parameters (AddParameter): Name = "Manufacturer_Name"; Value = "Texas Instruments"; VariantName = "[No Variations]"
Change component parameters (AddParameter): Name = "Manufacturer_Part_Number"; Value = "TPS61222DCKR"; VariantName = "[No Variations]"
Change component parameters (AddParameter): Name = "Model"; Value = "TPS61222DCKR"; VariantName = "[No Variations]"
Change component parameters (AddParameter): Name = "Mouser2 Part Number"; Value = "595-TPS61222DCKR"; VariantName = "[No Variations]"
Change component parameters (AddParameter): Name = "Mouser2 Price/Stock"; Value = "https://www.mouser.com/Search/Refine.aspx?Keyword=595-TPS61222DCKR"; VariantName = "[No Variations]"
Change component parameters: Designator = "DD1"; Footprint = "SOT95P280X145-5N"; UniqueID = "\FFKXQVQX"
Change component parameters. Clean all parameters for all variants
Change component parameters (AddParameter): Name = "Datasheet Link"; Value = "http://www.ti.com/lit/gpn/sn74aup1g08"; VariantName = "[No Variations]"
Change component parameters (AddParameter): Name = "Height"; Value = "1.45mm"; VariantName = "[No Variations]"
Change component parameters (AddParameter): Name = "Manufacturer_Name"; Value = "Texas Instruments"; VariantName = "[No Variations]"
Change component parameters (AddParameter): Name = "Manufacturer_Part_Number"; Value = "SN74AUP1G08DBVR"; VariantName = "[No Variations]"
Change component parameters (AddParameter): Name = "Model"; Value = "SN74AUP1G08DBVR"; VariantName = "[No Variations]"
Change component parameters (AddParameter): Name = "Mouser2 Part Number"; Value = ""; VariantName = "[No Variations]"
Change component parameters (AddParameter): Name = "Mouser2 Price/Stock"; Value = ""; VariantName = "[No Variations]"
Change component parameters: Designator = "S1"; Footprint = "PTS636SL43LFS"; UniqueID = "\YPEBGIDY"
Change component parameters. Clean all parameters for all variants
Change component parameters (AddParameter): Name = "Datasheet Link"; Value = "https://componentsearchengine.com/Datasheets/1/PTS636 SL43 LFS.pdf"; VariantName = "[No Variations]"
Change component parameters (AddParameter): Name = "Height"; Value = "4.5mm"; VariantName = "[No Variations]"
Change component parameters (AddParameter): Name = "Manufacturer_Name"; Value = "C & K COMPONENTS"; VariantName = "[No Variations]"
Change component parameters (AddParameter): Name = "Manufacturer_Part_Number"; Value = "PTS636 SL43 LFS"; VariantName = "[No Variations]"
Change component parameters (AddParameter): Name = "Model"; Value = "PTS636 SL43 LFS"; VariantName = "[No Variations]"
Change component parameters (AddParameter): Name = "Mouser2 Part Number"; Value = "611-PTS636SL43LFS"; VariantName = "[No Variations]"
Change component parameters (AddParameter): Name = "Mouser2 Price/Stock"; Value = "https://www.mouser.com/Search/Refine.aspx?Keyword=611-PTS636SL43LFS"; VariantName = "[No Variations]"
Change component parameters: Designator = "S2"; Footprint = "FSMRA6JH"; UniqueID = "\YNGULUGK"
Change component parameters. Clean all parameters for all variants
Change component parameters (AddParameter): Name = "Height"; Value = "7.01mm"; VariantName = "[No Variations]"
Change component parameters (AddParameter): Name = "helpURL"; Value = "https://eu.mouser.com/ProductDetail/TE-Connectivity-PB/FSMRA6JH?qs=sGAEpiMZZMsgGjVA3toVBAK0o4DxfcqiZ%2FRlJR1iziM%3D"; VariantName = "[No Variations]"
Change component parameters (AddParameter): Name = "Manufacturer_Name"; Value = "TE Connectivity"; VariantName = "[No Variations]"
Change component parameters (AddParameter): Name = "Manufacturer_Part_Number"; Value = "FSMRA6JH"; VariantName = "[No Variations]"
Change component parameters (AddParameter): Name = "Model"; Value = "FSMRA6JH"; VariantName = "[No Variations]"
Change component parameters (AddParameter): Name = "Mouser2 Part Number"; Value = ""; VariantName = "[No Variations]"
Change component parameters (AddParameter): Name = "Mouser2 Price/Stock"; Value = ""; VariantName = "[No Variations]"
Change component parameters: Designator = "S3"; Footprint = "Conector"; UniqueID = "\IPMVTXXA"
Change component parameters. Clean all parameters for all variants
Change component parameters (AddParameter): Name = "Case"; Value = "Terminal Bloak"; VariantName = "[No Variations]"
Change component parameters (AddParameter): Name = "helpURL"; Value = "https://www.digikey.com/product-detail/en/te-connectivity-amp-connectors/1776275-4/A98038-ND/1826901"; VariantName = "[No Variations]"
Change component parameters (AddParameter): Name = "Manufacture"; Value = "TE Connectivity AMP Connectors"; VariantName = "[No Variations]"
Change component parameters (AddParameter): Name = "Model"; Value = "1776275-4"; VariantName = "[No Variations]"
Change component parameters (AddParameter): Name = "Part number"; Value = "1776275-4"; VariantName = "[No Variations]"
Change component parameters (AddParameter): Name = "Value"; Value = ""; VariantName = "[No Variations]"
Change component parameters: Designator = "ZQ1"; Footprint = "ABM38000MHzD2YT"; UniqueID = "\XOIDTLPM"
Change component parameters. Clean all parameters for all variants
Change component parameters (AddParameter): Name = "Height"; Value = "1mm"; VariantName = "[No Variations]"
Change component parameters (AddParameter): Name = "HelpURL"; Value = "https://eu.mouser.com/ProductDetail/ABRACON/ABM3-8000MHZ-B4Y-T?qs=%252BlF%252B75lapNKxd1hbTYfShQ%3D%3D"; VariantName = "[No Variations]"
Change component parameters (AddParameter): Name = "Manufacturer_Name"; Value = "ABRACON"; VariantName = "[No Variations]"
Change component parameters (AddParameter): Name = "Manufacturer_Part_Number"; Value = "ABM3-8.000MHZ-B4Y-T"; VariantName = "[No Variations]"
Change component parameters (AddParameter): Name = "Model"; Value = "ABM3-8.000MHZ-B4Y-T"; VariantName = "[No Variations]"
Change component parameters (AddParameter): Name = "Mouser2 Part Number"; Value = ""; VariantName = "[No Variations]"
Change component parameters (AddParameter): Name = "Mouser2 Price/Stock"; Value = ""; VariantName = "[No Variations]"
Change component parameters: Designator = "ZQ2"; Footprint = "CM7VT1A32768kHz125pF10PPMTBQC"; UniqueID = "\AEADHLHB"
Change component parameters. Clean all parameters for all variants
Change component parameters (AddParameter): Name = "Height"; Value = "0.65mm"; VariantName = "[No Variations]"
Change component parameters (AddParameter): Name = "helpURL"; Value = "https://eu.mouser.com/ProductDetail/Micro-Crystal/CM7V-T1A-32768k-9pF-20PPM-TA-QA-T3?qs=%2Fha2pyFadui6AXBQ%2FVw18lA%252BLN0M9oEZsmyoRLoeGfq%2FVECMncxUBFCE3nNdh4yClz3k2BoauApbLLycflu%2FdA%3D%3D"; VariantName = "[No Variations]"
Change component parameters (AddParameter): Name = "Manufacturer_Name"; Value = "MICRO CRYSTAL"; VariantName = "[No Variations]"
Change component parameters (AddParameter): Name = "Manufacturer_Part_Number"; Value = "CM7V-T1A-32.768k-9pF-20PPM-TA-QA T3"; VariantName = "[No Variations]"
Change component parameters (AddParameter): Name = "Model"; Value = "CM7V-T1A-32.768k-9pF-20PPM-TA-QA T3"; VariantName = "[No Variations]"
Change component parameters (AddParameter): Name = "Mouser2 Part Number"; Value = "428-201568-MG03"; VariantName = "[No Variations]"
Change component parameters (AddParameter): Name = "Mouser2 Price/Stock"; Value = "https://www.mouser.com/Search/Refine.aspx?Keyword=428-201568-MG03"; VariantName = "[No Variations]"
Change component parameters: Designator = "L1"; Footprint = "1239ASH100MP2"; UniqueID = "\PAQYFUKX"
Change component parameters. Clean all parameters for all variants
Change component parameters (AddParameter): Name = "helpURL"; Value = "https://eu.mouser.com/ProductDetail/Coilcraft/EPL3015-472MLB?qs=sGAEpiMZZMsg%252By3WlYCkU2kWFds1hA9DlWz4EahPFXQ%3D"; VariantName = "[No Variations]"
Change component parameters (AddParameter): Name = "Manufacture"; Value = "Coilcraft"; VariantName = "[No Variations]"
Change component parameters (AddParameter): Name = "Model"; Value = "EPL3015-472MLB"; VariantName = "[No Variations]"
Change component parameters (AddParameter): Name = "Value"; Value = "4.7uH"; VariantName = "[No Variations]"
Change component parameters: Designator = "C2"; Footprint = "CAPC1608X87N"; UniqueID = "\LGQXTUAC"
Change component parameters. Clean all parameters for all variants
Change component parameters (AddParameter): Name = "Case"; Value = "0603"; VariantName = "[No Variations]"
Change component parameters (AddParameter): Name = "helpURL"; Value = "https://eu.mouser.com/ProductDetail/Murata-Electronics/GCJ188R71C104MA01D?qs=sGAEpiMZZMs0AnBnWHyRQID2xuQsFd1GofHLF%2FZjZNHccNCeYysMBg%3D%3D"; VariantName = "[No Variations]"
Change component parameters (AddParameter): Name = "Manufacture"; Value = "Murata Electronics"; VariantName = "[No Variations]"
Change component parameters (AddParameter): Name = "Model"; Value = "GCJ188R71C104MA01D"; VariantName = "[No Variations]"
Change component parameters (AddParameter): Name = "Value"; Value = "100nF"; VariantName = "[No Variations]"
Change component parameters: Designator = "C7"; Footprint = "CAPC1608X87N"; UniqueID = "\LSONHOPN"
Change component parameters. Clean all parameters for all variants
Change component parameters (AddParameter): Name = "Case"; Value = "0603"; VariantName = "[No Variations]"
Change component parameters (AddParameter): Name = "helpURL"; Value = "https://eu.mouser.com/ProductDetail/Murata-Electronics/GCJ188R71C104MA01D?qs=sGAEpiMZZMs0AnBnWHyRQID2xuQsFd1GofHLF%2FZjZNHccNCeYysMBg%3D%3D"; VariantName = "[No Variations]"
Change component parameters (AddParameter): Name = "Manufacture"; Value = "Murata Electronics"; VariantName = "[No Variations]"
Change component parameters (AddParameter): Name = "Model"; Value = "GCJ188R71C104MA01D"; VariantName = "[No Variations]"
Change component parameters (AddParameter): Name = "Value"; Value = "100nF"; VariantName = "[No Variations]"
Change component parameters: Designator = "C10"; Footprint = "CAPC1608X87N"; UniqueID = "\UMEGWCDP"
Change component parameters. Clean all parameters for all variants
Change component parameters (AddParameter): Name = "Case"; Value = "0603"; VariantName = "[No Variations]"
Change component parameters (AddParameter): Name = "helpURL"; Value = "https://eu.mouser.com/ProductDetail/Murata-Electronics/GCJ188R71C104MA01D?qs=sGAEpiMZZMs0AnBnWHyRQID2xuQsFd1GofHLF%2FZjZNHccNCeYysMBg%3D%3D"; VariantName = "[No Variations]"
Change component parameters (AddParameter): Name = "Manufacture"; Value = "Murata Electronics"; VariantName = "[No Variations]"
Change component parameters (AddParameter): Name = "Model"; Value = "GCJ188R71C104MA01D"; VariantName = "[No Variations]"
Change component parameters (AddParameter): Name = "Value"; Value = "100nF"; VariantName = "[No Variations]"
Change component parameters: Designator = "C1"; Footprint = "CAPC1608X87N"; UniqueID = "\QXSKHDRW"
Change component parameters. Clean all parameters for all variants
Change component parameters (AddParameter): Name = "Case"; Value = "0603"; VariantName = "[No Variations]"
Change component parameters (AddParameter): Name = "helpURL"; Value = "https://eu.mouser.com/ProductDetail/Murata-Electronics/GCJ188R71C104MA01D?qs=sGAEpiMZZMs0AnBnWHyRQID2xuQsFd1GofHLF%2FZjZNHccNCeYysMBg%3D%3D"; VariantName = "[No Variations]"
Change component parameters (AddParameter): Name = "Manufacture"; Value = "Murata Electronics"; VariantName = "[No Variations]"
Change component parameters (AddParameter): Name = "Model"; Value = "GCJ188R71C104MA01D"; VariantName = "[No Variations]"
Change component parameters (AddParameter): Name = "Value"; Value = "100nF"; VariantName = "[No Variations]"
Change component parameters: Designator = "R1"; Footprint = "R0603"; UniqueID = "\PETYSYCW"
Change component parameters. Clean all parameters for all variants
Change component parameters (AddParameter): Name = "Case"; Value = "0603"; VariantName = "[No Variations]"
Change component parameters (AddParameter): Name = "helpURL"; Value = "https://eu.mouser.com/ProductDetail/Vishay-Dale/CRCW060310M0JNEAC?qs=sGAEpiMZZMtlubZbdhIBIIZe04wfiaJWqGwkA21tjII%3D"; VariantName = "[No Variations]"
Change component parameters (AddParameter): Name = "Manufacture"; Value = "Vishay / Dale"; VariantName = "[No Variations]"
Change component parameters (AddParameter): Name = "Model"; Value = "CRCW060310M0JNEAC"; VariantName = "[No Variations]"
Change component parameters (AddParameter): Name = "Value"; Value = "10M"; VariantName = "[No Variations]"
Change component parameters: Designator = "R2"; Footprint = "R0603"; UniqueID = "\KSQBBPDM"
Change component parameters. Clean all parameters for all variants
Change component parameters (AddParameter): Name = "Case"; Value = "0603"; VariantName = "[No Variations]"
Change component parameters (AddParameter): Name = "helpURL"; Value = "https://eu.mouser.com/ProductDetail/Vishay-Dale/CRCW060310M0JNEAC?qs=sGAEpiMZZMtlubZbdhIBIIZe04wfiaJWqGwkA21tjII%3D"; VariantName = "[No Variations]"
Change component parameters (AddParameter): Name = "Manufacture"; Value = "Vishay / Dale"; VariantName = "[No Variations]"
Change component parameters (AddParameter): Name = "Model"; Value = "CRCW060310M0JNEAC"; VariantName = "[No Variations]"
Change component parameters (AddParameter): Name = "Value"; Value = "10M"; VariantName = "[No Variations]"
Change component parameters: Designator = "R3"; Footprint = "R0603"; UniqueID = "\GYOKUKGU"
Change component parameters. Clean all parameters for all variants
Change component parameters (AddParameter): Name = "Case"; Value = "0603"; VariantName = "[No Variations]"
Change component parameters (AddParameter): Name = "helpURL"; Value = "https://eu.mouser.com/ProductDetail/Vishay-Dale/CRCW060310M0JNEAC?qs=sGAEpiMZZMtlubZbdhIBIIZe04wfiaJWqGwkA21tjII%3D"; VariantName = "[No Variations]"
Change component parameters (AddParameter): Name = "Manufacture"; Value = "Vishay / Dale"; VariantName = "[No Variations]"
Change component parameters (AddParameter): Name = "Model"; Value = "CRCW060310M0JNEAC"; VariantName = "[No Variations]"
Change component parameters (AddParameter): Name = "Value"; Value = "10M"; VariantName = "[No Variations]"
Change component parameters: Designator = "R4"; Footprint = "R0603"; UniqueID = "\GLFADPTC"
Change component parameters. Clean all parameters for all variants
Change component parameters (AddParameter): Name = "Case"; Value = "0603"; VariantName = "[No Variations]"
Change component parameters (AddParameter): Name = "helpURL"; Value = "https://eu.mouser.com/ProductDetail/Vishay-Dale/CRCW060310M0JNEAC?qs=sGAEpiMZZMtlubZbdhIBIIZe04wfiaJWqGwkA21tjII%3D"; VariantName = "[No Variations]"
Change component parameters (AddParameter): Name = "Manufacture"; Value = "Vishay / Dale"; VariantName = "[No Variations]"
Change component parameters (AddParameter): Name = "Model"; Value = "CRCW060310M0JNEAC"; VariantName = "[No Variations]"
Change component parameters (AddParameter): Name = "Value"; Value = "10M"; VariantName = "[No Variations]"
Change component parameters: Designator = "R5"; Footprint = "R0603"; UniqueID = "\AGGAROGA"
Change component parameters. Clean all parameters for all variants
Change component parameters (AddParameter): Name = "Case"; Value = "0603"; VariantName = "[No Variations]"
Change component parameters (AddParameter): Name = "helpURL"; Value = "https://eu.mouser.com/ProductDetail/Vishay-Dale/CRCW060310M0JNEAC?qs=sGAEpiMZZMtlubZbdhIBIIZe04wfiaJWqGwkA21tjII%3D"; VariantName = "[No Variations]"
Change component parameters (AddParameter): Name = "Manufacture"; Value = "Vishay / Dale"; VariantName = "[No Variations]"
Change component parameters (AddParameter): Name = "Model"; Value = "CRCW060310M0JNEAC"; VariantName = "[No Variations]"
Change component parameters (AddParameter): Name = "Value"; Value = "10M"; VariantName = "[No Variations]"
Change component parameters: Designator = "R7"; Footprint = "R0603"; UniqueID = "\YEJTXVND"
Change component parameters. Clean all parameters for all variants
Change component parameters (AddParameter): Name = "Case"; Value = "0603"; VariantName = "[No Variations]"
Change component parameters (AddParameter): Name = "helpURL"; Value = "https://eu.mouser.com/ProductDetail/Vishay-Dale/CRCW060310M0JNEAC?qs=sGAEpiMZZMtlubZbdhIBIIZe04wfiaJWqGwkA21tjII%3D"; VariantName = "[No Variations]"
Change component parameters (AddParameter): Name = "Manufacture"; Value = "Vishay / Dale"; VariantName = "[No Variations]"
Change component parameters (AddParameter): Name = "Model"; Value = "CRCW060310M0JNEAC"; VariantName = "[No Variations]"
Change component parameters (AddParameter): Name = "Value"; Value = "10M"; VariantName = "[No Variations]"
Change component parameters: Designator = "R8"; Footprint = "R0603"; UniqueID = "\EHULQRUW"
Change component parameters. Clean all parameters for all variants
Change component parameters (AddParameter): Name = "Case"; Value = "0603"; VariantName = "[No Variations]"
Change component parameters (AddParameter): Name = "helpURL"; Value = "https://eu.mouser.com/ProductDetail/Vishay-Dale/CRCW060310M0JNEAC?qs=sGAEpiMZZMtlubZbdhIBIIZe04wfiaJWqGwkA21tjII%3D"; VariantName = "[No Variations]"
Change component parameters (AddParameter): Name = "Manufacture"; Value = "Vishay / Dale"; VariantName = "[No Variations]"
Change component parameters (AddParameter): Name = "Model"; Value = "CRCW060310M0JNEAC"; VariantName = "[No Variations]"
Change component parameters (AddParameter): Name = "Value"; Value = "10M"; VariantName = "[No Variations]"
Change component parameters: Designator = "R9"; Footprint = "R0603"; UniqueID = "\MEJXNCYQ"
Change component parameters. Clean all parameters for all variants
Change component parameters (AddParameter): Name = "Case"; Value = "0603"; VariantName = "[No Variations]"
Change component parameters (AddParameter): Name = "helpURL"; Value = "https://eu.mouser.com/ProductDetail/Vishay-Dale/CRCW060310M0JNEAC?qs=sGAEpiMZZMtlubZbdhIBIIZe04wfiaJWqGwkA21tjII%3D"; VariantName = "[No Variations]"
Change component parameters (AddParameter): Name = "Manufacture"; Value = "Vishay / Dale"; VariantName = "[No Variations]"
Change component parameters (AddParameter): Name = "Model"; Value = "CRCW060310M0JNEAC"; VariantName = "[No Variations]"
Change component parameters (AddParameter): Name = "Value"; Value = "10M"; VariantName = "[No Variations]"
Change component parameters: Designator = "R10"; Footprint = "R0603"; UniqueID = "\UJEBBMIJ"
Change component parameters. Clean all parameters for all variants
Change component parameters (AddParameter): Name = "Case"; Value = "0603"; VariantName = "[No Variations]"
Change component parameters (AddParameter): Name = "helpURL"; Value = "https://eu.mouser.com/ProductDetail/Vishay-Dale/CRCW06030000Z0EAC?qs=sGAEpiMZZMtlubZbdhIBIIZe04wfiaJWEAUMew4TANc%3D"; VariantName = "[No Variations]"
Change component parameters (AddParameter): Name = "Manufacture"; Value = "Vishay / Dale"; VariantName = "[No Variations]"
Change component parameters (AddParameter): Name = "Model"; Value = "CRCW06030000Z0EAC"; VariantName = "[No Variations]"
Change component parameters (AddParameter): Name = "Value"; Value = "0"; VariantName = "[No Variations]"
Change component parameters: Designator = "R11"; Footprint = "R0603"; UniqueID = "\MDLXIPXX"
Change component parameters. Clean all parameters for all variants
Change component parameters (AddParameter): Name = "Case"; Value = "0603"; VariantName = "[No Variations]"
Change component parameters (AddParameter): Name = "helpURL"; Value = "https://eu.mouser.com/ProductDetail/Vishay-Dale/CRCW060310R0FKEAC?qs=sGAEpiMZZMtlubZbdhIBIIZe04wfiaJWxDMmtLhgrug%3D"; VariantName = "[No Variations]"
Change component parameters (AddParameter): Name = "Manufacture"; Value = "Vishay / Dale"; VariantName = "[No Variations]"
Change component parameters (AddParameter): Name = "Model"; Value = "CRCW060310R0FKEAC"; VariantName = "[No Variations]"
Change component parameters (AddParameter): Name = "Value"; Value = "10"; VariantName = "[No Variations]"
Change component parameters: Designator = "R12"; Footprint = "R0603"; UniqueID = "\WGLMWYCQ"
Change component parameters. Clean all parameters for all variants
Change component parameters (AddParameter): Name = "Case"; Value = "0603"; VariantName = "[No Variations]"
Change component parameters (AddParameter): Name = "helpURL"; Value = "https://eu.mouser.com/ProductDetail/Vishay-Dale/CRCW060310M0JNEAC?qs=sGAEpiMZZMtlubZbdhIBIIZe04wfiaJWqGwkA21tjII%3D"; VariantName = "[No Variations]"
Change component parameters (AddParameter): Name = "Manufacture"; Value = "Vishay / Dale"; VariantName = "[No Variations]"
Change component parameters (AddParameter): Name = "Model"; Value = "CRCW060310M0JNEAC"; VariantName = "[No Variations]"
Change component parameters (AddParameter): Name = "Value"; Value = "10M"; VariantName = "[No Variations]"
Change component parameters: Designator = "R13"; Footprint = "R0603"; UniqueID = "\BHNXQXIH"
Change component parameters. Clean all parameters for all variants
Change component parameters (AddParameter): Name = "Case"; Value = "0603"; VariantName = "[No Variations]"
Change component parameters (AddParameter): Name = "helpURL"; Value = "https://eu.mouser.com/ProductDetail/Vishay-Dale/CRCW060310M0JNEAC?qs=sGAEpiMZZMtlubZbdhIBIIZe04wfiaJWqGwkA21tjII%3D"; VariantName = "[No Variations]"
Change component parameters (AddParameter): Name = "Manufacture"; Value = "Vishay / Dale"; VariantName = "[No Variations]"
Change component parameters (AddParameter): Name = "Model"; Value = "CRCW060310M0JNEAC"; VariantName = "[No Variations]"
Change component parameters (AddParameter): Name = "Value"; Value = "10M"; VariantName = "[No Variations]"
Change component parameters: Designator = "R15"; Footprint = "R0603"; UniqueID = "\ICHTJTVS"
Change component parameters. Clean all parameters for all variants
Change component parameters (AddParameter): Name = "Case"; Value = "0603"; VariantName = "[No Variations]"
Change component parameters (AddParameter): Name = "helpURL"; Value = "https://eu.mouser.com/ProductDetail/Yageo/RC0603FR-0747KL?qs=sGAEpiMZZMtlubZbdhIBIItYu4jZFrq8jA1HT%252B9Khos%3D"; VariantName = "[No Variations]"
Change component parameters (AddParameter): Name = "Manufacture"; Value = "Yageo"; VariantName = "[No Variations]"
Change component parameters (AddParameter): Name = "Model"; Value = "RC0603FR-0747KL"; VariantName = "[No Variations]"
Change component parameters (AddParameter): Name = "Value"; Value = "47k"; VariantName = "[No Variations]"
Change component parameters: Designator = "R16"; Footprint = "R0603"; UniqueID = "\LQATRJJS"
Change component parameters. Clean all parameters for all variants
Change component parameters (AddParameter): Name = "Case"; Value = "0603"; VariantName = "[No Variations]"
Change component parameters (AddParameter): Name = "helpURL"; Value = "https://eu.mouser.com/ProductDetail/Vishay-Dale/CRCW06030000Z0EAC?qs=sGAEpiMZZMtlubZbdhIBIIZe04wfiaJWEAUMew4TANc%3D"; VariantName = "[No Variations]"
Change component parameters (AddParameter): Name = "Manufacture"; Value = "Vishay / Dale"; VariantName = "[No Variations]"
Change component parameters (AddParameter): Name = "Model"; Value = "CRCW06030000Z0EAC"; VariantName = "[No Variations]"
Change component parameters (AddParameter): Name = "Value"; Value = "0"; VariantName = "[No Variations]"
Change component parameters: Designator = "R17"; Footprint = "R0603"; UniqueID = "\DJSSAOON"
Change component parameters. Clean all parameters for all variants
Change component parameters (AddParameter): Name = "Case"; Value = "0603"; VariantName = "[No Variations]"
Change component parameters (AddParameter): Name = "helpURL"; Value = "https://eu.mouser.com/ProductDetail/Vishay-Dale/CRCW060310R0FKEAC?qs=sGAEpiMZZMtlubZbdhIBIIZe04wfiaJWxDMmtLhgrug%3D"; VariantName = "[No Variations]"
Change component parameters (AddParameter): Name = "Manufacture"; Value = "Vishay / Dale"; VariantName = "[No Variations]"
Change component parameters (AddParameter): Name = "Model"; Value = "CRCW060310R0FKEAC"; VariantName = "[No Variations]"
Change component parameters (AddParameter): Name = "Value"; Value = "10"; VariantName = "[No Variations]"
Change component parameters: Designator = "R18"; Footprint = "R0603"; UniqueID = "\INGJTGYQ"
Change component parameters. Clean all parameters for all variants
Change component parameters (AddParameter): Name = "Case"; Value = "0603"; VariantName = "[No Variations]"
Change component parameters (AddParameter): Name = "helpURL"; Value = "https://eu.mouser.com/ProductDetail/Vishay-Dale/CRCW060310R0FKEAC?qs=sGAEpiMZZMtlubZbdhIBIIZe04wfiaJWxDMmtLhgrug%3D"; VariantName = "[No Variations]"
Change component parameters (AddParameter): Name = "Manufacture"; Value = "Vishay / Dale"; VariantName = "[No Variations]"
Change component parameters (AddParameter): Name = "Model"; Value = "CRCW060310R0FKEAC"; VariantName = "[No Variations]"
Change component parameters (AddParameter): Name = "Value"; Value = "10"; VariantName = "[No Variations]"
Change component parameters: Designator = "R19"; Footprint = "R0603"; UniqueID = "\VYPNSGEW"
Change component parameters. Clean all parameters for all variants
Change component parameters (AddParameter): Name = "Case"; Value = "0603"; VariantName = "[No Variations]"
Change component parameters (AddParameter): Name = "helpURL"; Value = "https://eu.mouser.com/ProductDetail/Vishay-Dale/CRCW060310R0FKEAC?qs=sGAEpiMZZMtlubZbdhIBIIZe04wfiaJWxDMmtLhgrug%3D"; VariantName = "[No Variations]"
Change component parameters (AddParameter): Name = "Manufacture"; Value = "Vishay / Dale"; VariantName = "[No Variations]"
Change component parameters (AddParameter): Name = "Model"; Value = "CRCW060310R0FKEAC"; VariantName = "[No Variations]"
Change component parameters (AddParameter): Name = "Value"; Value = "10"; VariantName = "[No Variations]"
Change component parameters: Designator = "R20"; Footprint = "R0603"; UniqueID = "\OAWXKNNF"
Change component parameters. Clean all parameters for all variants
Change component parameters (AddParameter): Name = "Case"; Value = "0603"; VariantName = "[No Variations]"
Change component parameters (AddParameter): Name = "helpURL"; Value = "https://eu.mouser.com/ProductDetail/Vishay-Dale/CRCW060310R0FKEAC?qs=sGAEpiMZZMtlubZbdhIBIIZe04wfiaJWxDMmtLhgrug%3D"; VariantName = "[No Variations]"
Change component parameters (AddParameter): Name = "Manufacture"; Value = "Vishay / Dale"; VariantName = "[No Variations]"
Change component parameters (AddParameter): Name = "Model"; Value = "CRCW060310R0FKEAC"; VariantName = "[No Variations]"
Change component parameters (AddParameter): Name = "Value"; Value = "10"; VariantName = "[No Variations]"
Change component parameters: Designator = "R21"; Footprint = "R0603"; UniqueID = "\IMRJRRVO"
Change component parameters. Clean all parameters for all variants
Change component parameters (AddParameter): Name = "Case"; Value = "0603"; VariantName = "[No Variations]"
Change component parameters (AddParameter): Name = "helpURL"; Value = "https://eu.mouser.com/ProductDetail/Vishay-Dale/CRCW060310R0FKEAC?qs=sGAEpiMZZMtlubZbdhIBIIZe04wfiaJWxDMmtLhgrug%3D"; VariantName = "[No Variations]"
Change component parameters (AddParameter): Name = "Manufacture"; Value = "Vishay / Dale"; VariantName = "[No Variations]"
Change component parameters (AddParameter): Name = "Model"; Value = "CRCW060310R0FKEAC"; VariantName = "[No Variations]"
Change component parameters (AddParameter): Name = "Value"; Value = "10"; VariantName = "[No Variations]"
Change component parameters: Designator = "R22"; Footprint = "R0603"; UniqueID = "\KCGFEBEE"
Change component parameters. Clean all parameters for all variants
Change component parameters (AddParameter): Name = "Case"; Value = "0603"; VariantName = "[No Variations]"
Change component parameters (AddParameter): Name = "helpURL"; Value = "https://eu.mouser.com/ProductDetail/Vishay-Dale/CRCW06030000Z0EAC?qs=sGAEpiMZZMtlubZbdhIBIIZe04wfiaJWEAUMew4TANc%3D"; VariantName = "[No Variations]"
Change component parameters (AddParameter): Name = "Manufacture"; Value = "Vishay / Dale"; VariantName = "[No Variations]"
Change component parameters (AddParameter): Name = "Model"; Value = "CRCW06030000Z0EAC"; VariantName = "[No Variations]"
Change component parameters (AddParameter): Name = "Value"; Value = "0"; VariantName = "[No Variations]"
Change component parameters: Designator = "R23"; Footprint = "R0603"; UniqueID = "\WMRQSJDP"
Change component parameters. Clean all parameters for all variants
Change component parameters (AddParameter): Name = "Case"; Value = "0603"; VariantName = "[No Variations]"
Change component parameters (AddParameter): Name = "helpURL"; Value = "https://eu.mouser.com/ProductDetail/Yageo/RC0603FR-0747KL?qs=sGAEpiMZZMtlubZbdhIBIItYu4jZFrq8jA1HT%252B9Khos%3D"; VariantName = "[No Variations]"
Change component parameters (AddParameter): Name = "Manufacture"; Value = "Yageo"; VariantName = "[No Variations]"
Change component parameters (AddParameter): Name = "Model"; Value = "RC0603FR-0747KL"; VariantName = "[No Variations]"
Change component parameters (AddParameter): Name = "Value"; Value = "47k"; VariantName = "[No Variations]"
Change component parameters: Designator = "VD1"; Footprint = "SODFL1006X40N"; UniqueID = "\ICHERLRB"
Change component parameters. Clean all parameters for all variants
Change component parameters (AddParameter): Name = "Height"; Value = "0.4mm"; VariantName = "[No Variations]"
Change component parameters (AddParameter): Name = "helpURL"; Value = "https://www.mouser.com/Search/Refine.aspx?Keyword=863-ESD9B5.0ST5G"; VariantName = "[No Variations]"
Change component parameters (AddParameter): Name = "Manufacture"; Value = "ON Semiconductor"; VariantName = "[No Variations]"
Change component parameters (AddParameter): Name = "Manufacturer_Name"; Value = "ON Semiconductor"; VariantName = "[No Variations]"
Change component parameters (AddParameter): Name = "Manufacturer_Part_Number"; Value = "ESD9B5.0ST5G"; VariantName = "[No Variations]"
Change component parameters (AddParameter): Name = "Model"; Value = "ESD9B5.0ST5G"; VariantName = "[No Variations]"
Change component parameters (AddParameter): Name = "Mouser2 Part Number"; Value = "863-ESD9B5.0ST5G"; VariantName = "[No Variations]"
Change component parameters: Designator = "VD2"; Footprint = "SODFL1006X40N"; UniqueID = "\WCNSUGOF"
Change component parameters. Clean all parameters for all variants
Change component parameters (AddParameter): Name = "Height"; Value = "0.4mm"; VariantName = "[No Variations]"
Change component parameters (AddParameter): Name = "helpURL"; Value = "https://www.mouser.com/Search/Refine.aspx?Keyword=863-ESD9B5.0ST5G"; VariantName = "[No Variations]"
Change component parameters (AddParameter): Name = "Manufacture"; Value = "ON Semiconductor"; VariantName = "[No Variations]"
Change component parameters (AddParameter): Name = "Manufacturer_Name"; Value = "ON Semiconductor"; VariantName = "[No Variations]"
Change component parameters (AddParameter): Name = "Manufacturer_Part_Number"; Value = "ESD9B5.0ST5G"; VariantName = "[No Variations]"
Change component parameters (AddParameter): Name = "Model"; Value = "ESD9B5.0ST5G"; VariantName = "[No Variations]"
Change component parameters (AddParameter): Name = "Mouser2 Part Number"; Value = "863-ESD9B5.0ST5G"; VariantName = "[No Variations]"
Change component parameters: Designator = "VD3"; Footprint = "SODFL1006X40N"; UniqueID = "\URJFSBMJ"
Change component parameters. Clean all parameters for all variants
Change component parameters (AddParameter): Name = "Height"; Value = "0.4mm"; VariantName = "[No Variations]"
Change component parameters (AddParameter): Name = "helpURL"; Value = "https://www.mouser.com/Search/Refine.aspx?Keyword=863-ESD9B5.0ST5G"; VariantName = "[No Variations]"
Change component parameters (AddParameter): Name = "Manufacture"; Value = "ON Semiconductor"; VariantName = "[No Variations]"
Change component parameters (AddParameter): Name = "Manufacturer_Name"; Value = "ON Semiconductor"; VariantName = "[No Variations]"
Change component parameters (AddParameter): Name = "Manufacturer_Part_Number"; Value = "ESD9B5.0ST5G"; VariantName = "[No Variations]"
Change component parameters (AddParameter): Name = "Model"; Value = "ESD9B5.0ST5G"; VariantName = "[No Variations]"
Change component parameters (AddParameter): Name = "Mouser2 Part Number"; Value = "863-ESD9B5.0ST5G"; VariantName = "[No Variations]"
Change component parameters: Designator = "VD4"; Footprint = "SODFL1006X40N"; UniqueID = "\OKGUTFCT"
Change component parameters. Clean all parameters for all variants
Change component parameters (AddParameter): Name = "Height"; Value = "0.4mm"; VariantName = "[No Variations]"
Change component parameters (AddParameter): Name = "helpURL"; Value = "https://www.mouser.com/Search/Refine.aspx?Keyword=863-ESD9B5.0ST5G"; VariantName = "[No Variations]"
Change component parameters (AddParameter): Name = "Manufacture"; Value = "ON Semiconductor"; VariantName = "[No Variations]"
Change component parameters (AddParameter): Name = "Manufacturer_Name"; Value = "ON Semiconductor"; VariantName = "[No Variations]"
Change component parameters (AddParameter): Name = "Manufacturer_Part_Number"; Value = "ESD9B5.0ST5G"; VariantName = "[No Variations]"
Change component parameters (AddParameter): Name = "Model"; Value = "ESD9B5.0ST5G"; VariantName = "[No Variations]"
Change component parameters (AddParameter): Name = "Mouser2 Part Number"; Value = "863-ESD9B5.0ST5G"; VariantName = "[No Variations]"
Change component parameters: Designator = "C6"; Footprint = "CAPC1608X87N"; UniqueID = "\RPIAOOTP"
Change component parameters. Clean all parameters for all variants
Change component parameters (AddParameter): Name = "case"; Value = "0603"; VariantName = "[No Variations]"
Change component parameters (AddParameter): Name = "Height"; Value = "0.87mm"; VariantName = "[No Variations]"
Change component parameters (AddParameter): Name = "helpURL"; Value = "https://eu.mouser.com/ProductDetail/KEMET/C0603C180F3HACTU?qs=%2Fha2pyFadujq8NkOLYRmmNwJI7kFslpOt8gdR0UiXQGw%2Fa53lDXJFQ%3D%3D"; VariantName = "[No Variations]"
Change component parameters (AddParameter): Name = "Manufacturer_Name"; Value = "Kemet"; VariantName = "[No Variations]"
Change component parameters (AddParameter): Name = "Manufacturer_Part_Number"; Value = "C0603C220F3HACTU"; VariantName = "[No Variations]"
Change component parameters (AddParameter): Name = "Model"; Value = "C0603C220F3HACTU"; VariantName = "[No Variations]"
Change component parameters (AddParameter): Name = "Mouser2 Part Number"; Value = "80-C0603C220F3HACTU"; VariantName = "[No Variations]"
Change component parameters (AddParameter): Name = "Value"; Value = "18pF"; VariantName = "[No Variations]"
Change component parameters: Designator = "C4"; Footprint = "CAPC1608X87N"; UniqueID = "\DUVJKKIH"
Change component parameters. Clean all parameters for all variants
Change component parameters (AddParameter): Name = "case"; Value = "0603"; VariantName = "[No Variations]"
Change component parameters (AddParameter): Name = "Height"; Value = "0.87mm"; VariantName = "[No Variations]"
Change component parameters (AddParameter): Name = "helpURL"; Value = "https://eu.mouser.com/ProductDetail/KEMET/C0603C180F3HACTU?qs=%2Fha2pyFadujq8NkOLYRmmNwJI7kFslpOt8gdR0UiXQGw%2Fa53lDXJFQ%3D%3D"; VariantName = "[No Variations]"
Change component parameters (AddParameter): Name = "Manufacturer_Name"; Value = "Kemet"; VariantName = "[No Variations]"
Change component parameters (AddParameter): Name = "Manufacturer_Part_Number"; Value = "C0603C220F3HACTU"; VariantName = "[No Variations]"
Change component parameters (AddParameter): Name = "Model"; Value = "C0603C220F3HACTU"; VariantName = "[No Variations]"
Change component parameters (AddParameter): Name = "Mouser2 Part Number"; Value = "80-C0603C220F3HACTU"; VariantName = "[No Variations]"
Change component parameters (AddParameter): Name = "Value"; Value = "18pF"; VariantName = "[No Variations]"
Change component parameters: Designator = "C5"; Footprint = "CAPC1608X87N"; UniqueID = "\LQLTXWTO"
Change component parameters. Clean all parameters for all variants
Change component parameters (AddParameter): Name = "case"; Value = "0603"; VariantName = "[No Variations]"
Change component parameters (AddParameter): Name = "Height"; Value = "0.87mm"; VariantName = "[No Variations]"
Change component parameters (AddParameter): Name = "helpURL"; Value = "https://eu.mouser.com/ProductDetail/KEMET/C0603C180F3HACTU?qs=%2Fha2pyFadujq8NkOLYRmmNwJI7kFslpOt8gdR0UiXQGw%2Fa53lDXJFQ%3D%3D"; VariantName = "[No Variations]"
Change component parameters (AddParameter): Name = "Manufacturer_Name"; Value = "Kemet"; VariantName = "[No Variations]"
Change component parameters (AddParameter): Name = "Manufacturer_Part_Number"; Value = "C0603C220F3HACTU"; VariantName = "[No Variations]"
Change component parameters (AddParameter): Name = "Model"; Value = "C0603C220F3HACTU"; VariantName = "[No Variations]"
Change component parameters (AddParameter): Name = "Mouser2 Part Number"; Value = "80-C0603C220F3HACTU"; VariantName = "[No Variations]"
Change component parameters (AddParameter): Name = "Value"; Value = "18pF"; VariantName = "[No Variations]"
Change component parameters: Designator = "C8"; Footprint = "CAPC1608X90N"; UniqueID = "\CECUGMYE"
Change component parameters. Clean all parameters for all variants
Change component parameters (AddParameter): Name = "Height"; Value = "0.9mm"; VariantName = "[No Variations]"
Change component parameters (AddParameter): Name = "helpURL"; Value = "https://eu.mouser.com/ProductDetail/Murata-Electronics/GRM188R60J106ME84J?qs=sGAEpiMZZMs0AnBnWHyRQPhvn0V5nV7wdlV22aTabXS5iZ%252BKGPaWdQ%3D%3D"; VariantName = "[No Variations]"
Change component parameters (AddParameter): Name = "Manufacture"; Value = "Murata Electronics"; VariantName = "[No Variations]"
Change component parameters (AddParameter): Name = "Manufacturer_Name"; Value = "Murata Electronics"; VariantName = "[No Variations]"
Change component parameters (AddParameter): Name = "Manufacturer_Part_Number"; Value = "GRM188R60J106ME84J"; VariantName = "[No Variations]"
Change component parameters (AddParameter): Name = "Model"; Value = "GRM188R60J106ME84J"; VariantName = "[No Variations]"
Change component parameters (AddParameter): Name = "Mouser2 Part Number"; Value = "81-GRM188R60J106ME4J"; VariantName = "[No Variations]"
Change component parameters (AddParameter): Name = "Value"; Value = "10uF"; VariantName = "[No Variations]"
Change component parameters: Designator = "C9"; Footprint = "CAPC1608X90N"; UniqueID = "\GXOORPVL"
Change component parameters. Clean all parameters for all variants
Change component parameters (AddParameter): Name = "Height"; Value = "0.9mm"; VariantName = "[No Variations]"
Change component parameters (AddParameter): Name = "helpURL"; Value = "https://eu.mouser.com/ProductDetail/Murata-Electronics/GRM188R60J106ME84J?qs=sGAEpiMZZMs0AnBnWHyRQPhvn0V5nV7wdlV22aTabXS5iZ%252BKGPaWdQ%3D%3D"; VariantName = "[No Variations]"
Change component parameters (AddParameter): Name = "Manufacture"; Value = "Murata Electronics"; VariantName = "[No Variations]"
Change component parameters (AddParameter): Name = "Manufacturer_Name"; Value = "Murata Electronics"; VariantName = "[No Variations]"
Change component parameters (AddParameter): Name = "Manufacturer_Part_Number"; Value = "GRM188R60J106ME84J"; VariantName = "[No Variations]"
Change component parameters (AddParameter): Name = "Model"; Value = "GRM188R60J106ME84J  "; VariantName = "[No Variations]"
Change component parameters (AddParameter): Name = "Mouser2 Part Number"; Value = "81-GRM188R60J106ME4J"; VariantName = "[No Variations]"
Change component parameters (AddParameter): Name = "Value"; Value = "10uF"; VariantName = "[No Variations]"
Added Component: Designator=C3(CAPC1608X87N)
Add component. Clean all parameters for all variants
Add component (AddParameter): Name = "case"; Value = "0603"; VariantName = "[No Variations]"
Add component (AddParameter): Name = "Height"; Value = "0.87mm"; VariantName = "[No Variations]"
Add component (AddParameter): Name = "helpURL"; Value = "https://eu.mouser.com/ProductDetail/KEMET/C0603C180F3HACTU?qs=%2Fha2pyFadujq8NkOLYRmmNwJI7kFslpOt8gdR0UiXQGw%2Fa53lDXJFQ%3D%3D"; VariantName = "[No Variations]"
Add component (AddParameter): Name = "Manufacturer_Name"; Value = "Kemet"; VariantName = "[No Variations]"
Add component (AddParameter): Name = "Manufacturer_Part_Number"; Value = "C0603C220F3HACTU"; VariantName = "[No Variations]"
Add component (AddParameter): Name = "Model"; Value = "C0603C220F3HACTU"; VariantName = "[No Variations]"
Add component (AddParameter): Name = "Mouser2 Part Number"; Value = "80-C0603C220F3HACTU"; VariantName = "[No Variations]"
Add component (AddParameter): Name = "Value"; Value = "18pF"; VariantName = "[No Variations]"
Added Component: Designator=R6(R0603)
Add component. Clean all parameters for all variants
Add component (AddParameter): Name = "Case"; Value = "0603"; VariantName = "[No Variations]"
Add component (AddParameter): Name = "helpURL"; Value = "https://eu.mouser.com/ProductDetail/Vishay-Dale/CRCW060310M0JNEAC?qs=sGAEpiMZZMtlubZbdhIBIIZe04wfiaJWqGwkA21tjII%3D"; VariantName = "[No Variations]"
Add component (AddParameter): Name = "Manufacture"; Value = "Vishay / Dale"; VariantName = "[No Variations]"
Add component (AddParameter): Name = "Model"; Value = "CRCW060310M0JNEAC"; VariantName = "[No Variations]"
Add component (AddParameter): Name = "Value"; Value = "10M"; VariantName = "[No Variations]"
Added Component: Designator=R14(R0603)
Add component. Clean all parameters for all variants
Add component (AddParameter): Name = "Case"; Value = "0603"; VariantName = "[No Variations]"
Add component (AddParameter): Name = "helpURL"; Value = "https://eu.mouser.com/ProductDetail/Vishay-Dale/CRCW06030000Z0EAC?qs=sGAEpiMZZMtlubZbdhIBIIZe04wfiaJWEAUMew4TANc%3D"; VariantName = "[No Variations]"
Add component (AddParameter): Name = "Manufacture"; Value = "Vishay / Dale"; VariantName = "[No Variations]"
Add component (AddParameter): Name = "Model"; Value = "CRCW06030000Z0EAC"; VariantName = "[No Variations]"
Add component (AddParameter): Name = "Value"; Value = "0"; VariantName = "[No Variations]"
Added Pin To Net: NetName=GND Pin=C3-1
Added Pin To Net: NetName=NetC4_2 Pin=D2-3
Added Pin To Net: NetName=NetC5_2 Pin=D2-6
Added Pin To Net: NetName=NetC5_2 Pin=R6-1
Added Pin To Net: NetName=NetC3_2 Pin=R6-2
Added Pin To Net: NetName=NetC8_2 Pin=R14-1
Added Pin To Net: NetName=COUNTER Pin=R14-2
Added Pin To Net: NetName=NetD4_6 Pin=R15-1
Added Pin To Net: NetName=UART_RX Pin=R16-1
Added Pin To Net: NetName=UART_TX Pin=R22-1
Added Pin To Net: NetName=NetD4_7 Pin=R23-2
Added Pin To Net: NetName=NetC5_2 Pin=ZQ1-2
Added Pin To Net: NetName=NetC4_2 Pin=ZQ2-2
Change Net Name : Old Net Name=NetC3_2 New Net Name=NetC6_2
Change Net Name : Old Net Name=NetR15_1 New Net Name=NetR17_1
Change Net Name : Old Net Name=NetR19_1 New Net Name=NetR21_1
Added Pin To Net: NetName=NetC3_2 Pin=C3-2
Added Pin To Net: NetName=NetC3_2 Pin=D2-4
Added Pin To Net: NetName=NetC3_2 Pin=ZQ2-1
Added Net: Name=NetC3_2
Added Member To Class: ClassName=Sheet1 Member=Component C1 100nF
Added Member To Class: ClassName=Sheet1 Member=Component C2 100nF
Added Member To Class: ClassName=Sheet1 Member=Component C3 18pF
Added Member To Class: ClassName=Sheet1 Member=Component C4 18pF
Added Member To Class: ClassName=Sheet1 Member=Component C5 18pF
Added Member To Class: ClassName=Sheet1 Member=Component C6 18pF
Added Member To Class: ClassName=Sheet1 Member=Component C7 100nF
Added Member To Class: ClassName=Sheet1 Member=Component C9 10uF
Added Member To Class: ClassName=Sheet1 Member=Component R1 10M
Added Member To Class: ClassName=Sheet1 Member=Component R2 10M
Added Member To Class: ClassName=Sheet1 Member=Component R3 10M
Added Member To Class: ClassName=Sheet1 Member=Component R4 10M
Added Member To Class: ClassName=Sheet1 Member=Component R5 10M
Added Member To Class: ClassName=Sheet1 Member=Component R6 10M
Added Member To Class: ClassName=Sheet1 Member=Component R7 10M
Added Member To Class: ClassName=Sheet1 Member=Component R8 10M
Added Member To Class: ClassName=Sheet1 Member=Component R9 10M
Added Member To Class: ClassName=Sheet1 Member=Component R10 0
Added Member To Class: ClassName=Sheet1 Member=Component R11 10
Added Member To Class: ClassName=Sheet1 Member=Component R12 10M
Added Member To Class: ClassName=Sheet1 Member=Component R13 10M
Added Member To Class: ClassName=Sheet1 Member=Component R14 0
Added Member To Class: ClassName=Sheet1 Member=Component R15 47k
Added Member To Class: ClassName=Sheet1 Member=Component R16 0
Added Member To Class: ClassName=Sheet1 Member=Component R22 0
Added Member To Class: ClassName=Sheet1 Member=Component R23 47k
Added Member To Class: ClassName=Sheet1 Member=Component S1 PTS636_SL43_LFS
Added Member To Class: ClassName=Sheet1 Member=Component S2 FSMRA6JH
Added Room: Name=Sheet1
