Removed Member From Class: ClassName=Sheet1 Member=R1
Added Component: Designator=D1(LQFP-48N)
Add component. Clean all parameters for all variants
Add component (AddParameter): Name = "Case"; Value = "48-LQFP"; VariantName = "[No Variations]"
Add component (AddParameter): Name = "helpURL"; Value = "https://www.st.com/en/microcontrollers-microprocessors/stm32l072cb.htmhttps://www.st.com/en/microcontrollers-microprocessors/stm32l072cb.html"; VariantName = "[No Variations]"
Add component (AddParameter): Name = "Manufacture"; Value = "ST"; VariantName = "[No Variations]"
Add component (AddParameter): Name = "Model"; Value = "STM32L072CBT6"; VariantName = "[No Variations]"
Added Component: Designator=D2(RA-02 Lora)
Add component. Clean all parameters for all variants
Add component (AddParameter): Name = "Case"; Value = "Customer"; VariantName = "[No Variations]"
Add component (AddParameter): Name = "helpURL"; Value = "https://lcsc.com/product-detail/Wireless-Modules_SX1278LoRaWireless-Modules-Long10KM-433_C90039.html"; VariantName = "[No Variations]"
Add component (AddParameter): Name = "Manufacture"; Value = "Ai-Thinker"; VariantName = "[No Variations]"
Add component (AddParameter): Name = "Model"; Value = "SX1278"; VariantName = "[No Variations]"
Added Pin To Net: NetName=DIO0 Pin=D1-29
Added Pin To Net: NetName=DIO0 Pin=D2-5
Added Net: Name=DIO0
Added Pin To Net: NetName=DIO1 Pin=D1-30
Added Pin To Net: NetName=DIO1 Pin=D2-6
Added Net: Name=DIO1
Added Pin To Net: NetName=DIO2 Pin=D1-31
Added Pin To Net: NetName=DIO2 Pin=D2-7
Added Net: Name=DIO2
Added Pin To Net: NetName=DIO3 Pin=D1-32
Added Pin To Net: NetName=DIO3 Pin=D2-8
Added Net: Name=DIO3
Added Pin To Net: NetName=DIO4 Pin=D1-33
Added Pin To Net: NetName=DIO4 Pin=D2-10
Added Net: Name=DIO4
Added Pin To Net: NetName=DIO5 Pin=D1-38
Added Pin To Net: NetName=DIO5 Pin=D2-11
Added Net: Name=DIO5
Added Pin To Net: NetName=MISO Pin=D1-16
Added Pin To Net: NetName=MISO Pin=D2-13
Added Net: Name=MISO
Added Pin To Net: NetName=MOSI Pin=D1-17
Added Pin To Net: NetName=MOSI Pin=D2-14
Added Net: Name=MOSI
Added Pin To Net: NetName=NSS Pin=D1-14
Added Pin To Net: NetName=NSS Pin=D2-15
Added Net: Name=NSS
Added Pin To Net: NetName=RESET Pin=D2-4
Added Net: Name=RESET
Added Pin To Net: NetName=SCK Pin=D1-15
Added Pin To Net: NetName=SCK Pin=D2-12
Added Net: Name=SCK
Added Member To Class: ClassName=Sheet1 Member=Component D1 STM32L072CBT6
Added Member To Class: ClassName=Sheet1 Member=Component D2 SX1278
