Added Component: Designator=VD1(SODFL1006X40N)
Add component. Clean all parameters for all variants
Add component (AddParameter): Name = "Datasheet Link"; Value = "https://componentsearchengine.com/Datasheets/1/ESD9B5.0ST5G.pdf"; VariantName = "[No Variations]"
Add component (AddParameter): Name = "Height"; Value = "0.4mm"; VariantName = "[No Variations]"
Add component (AddParameter): Name = "Manufacturer_Name"; Value = "ON Semiconductor"; VariantName = "[No Variations]"
Add component (AddParameter): Name = "Manufacturer_Part_Number"; Value = "ESD9B5.0ST5G"; VariantName = "[No Variations]"
Add component (AddParameter): Name = "Mouser2 Part Number"; Value = "863-ESD9B5.0ST5G"; VariantName = "[No Variations]"
Add component (AddParameter): Name = "Mouser2 Price/Stock"; Value = "https://www.mouser.com/Search/Refine.aspx?Keyword=863-ESD9B5.0ST5G"; VariantName = "[No Variations]"
Added Component: Designator=VD2(SODFL1006X40N)
Add component. Clean all parameters for all variants
Add component (AddParameter): Name = "Datasheet Link"; Value = "https://componentsearchengine.com/Datasheets/1/ESD9B5.0ST5G.pdf"; VariantName = "[No Variations]"
Add component (AddParameter): Name = "Height"; Value = "0.4mm"; VariantName = "[No Variations]"
Add component (AddParameter): Name = "Manufacturer_Name"; Value = "ON Semiconductor"; VariantName = "[No Variations]"
Add component (AddParameter): Name = "Manufacturer_Part_Number"; Value = "ESD9B5.0ST5G"; VariantName = "[No Variations]"
Add component (AddParameter): Name = "Mouser2 Part Number"; Value = "863-ESD9B5.0ST5G"; VariantName = "[No Variations]"
Add component (AddParameter): Name = "Mouser2 Price/Stock"; Value = "https://www.mouser.com/Search/Refine.aspx?Keyword=863-ESD9B5.0ST5G"; VariantName = "[No Variations]"
Added Component: Designator=VD3(SODFL1006X40N)
Add component. Clean all parameters for all variants
Add component (AddParameter): Name = "Datasheet Link"; Value = "https://componentsearchengine.com/Datasheets/1/ESD9B5.0ST5G.pdf"; VariantName = "[No Variations]"
Add component (AddParameter): Name = "Height"; Value = "0.4mm"; VariantName = "[No Variations]"
Add component (AddParameter): Name = "Manufacturer_Name"; Value = "ON Semiconductor"; VariantName = "[No Variations]"
Add component (AddParameter): Name = "Manufacturer_Part_Number"; Value = "ESD9B5.0ST5G"; VariantName = "[No Variations]"
Add component (AddParameter): Name = "Mouser2 Part Number"; Value = "863-ESD9B5.0ST5G"; VariantName = "[No Variations]"
Add component (AddParameter): Name = "Mouser2 Price/Stock"; Value = "https://www.mouser.com/Search/Refine.aspx?Keyword=863-ESD9B5.0ST5G"; VariantName = "[No Variations]"
Added Component: Designator=VD4(SODFL1006X40N)
Add component. Clean all parameters for all variants
Add component (AddParameter): Name = "Datasheet Link"; Value = "https://componentsearchengine.com/Datasheets/1/ESD9B5.0ST5G.pdf"; VariantName = "[No Variations]"
Add component (AddParameter): Name = "Height"; Value = "0.4mm"; VariantName = "[No Variations]"
Add component (AddParameter): Name = "Manufacturer_Name"; Value = "ON Semiconductor"; VariantName = "[No Variations]"
Add component (AddParameter): Name = "Manufacturer_Part_Number"; Value = "ESD9B5.0ST5G"; VariantName = "[No Variations]"
Add component (AddParameter): Name = "Mouser2 Part Number"; Value = "863-ESD9B5.0ST5G"; VariantName = "[No Variations]"
Add component (AddParameter): Name = "Mouser2 Price/Stock"; Value = "https://www.mouser.com/Search/Refine.aspx?Keyword=863-ESD9B5.0ST5G"; VariantName = "[No Variations]"
Added Pin To Net: NetName=NetVD1_1 Pin=VD1-1
Added Pin To Net: NetName=GND Pin=VD1-2
Added Pin To Net: NetName=NetR2_1 Pin=VD2-1
Added Pin To Net: NetName=GND Pin=VD2-2
Added Pin To Net: NetName=NetR3_1 Pin=VD3-1
Added Pin To Net: NetName=NetR2_1 Pin=VD3-2
Added Pin To Net: NetName=GND Pin=VD4-1
Added Pin To Net: NetName=NetR3_1 Pin=VD4-2
Added Member To Class: ClassName=Sheet1 Member=Component R3 *
Added Member To Class: ClassName=Sheet1 Member=Component R4 *
Added Member To Class: ClassName=Sheet1 Member=Component VD1 ESD9B5.0ST5G
Added Member To Class: ClassName=Sheet1 Member=Component VD2 ESD9B5.0ST5G
Added Member To Class: ClassName=Sheet1 Member=Component VD3 ESD9B5.0ST5G
Added Member To Class: ClassName=Sheet1 Member=Component VD4 ESD9B5.0ST5G
Added Room: Name=Sheet1
