Added Pin To Net: NetName=SX127x_NSS Pin=D2-14
Added Pin To Net: NetName=SX127x_SCK Pin=D2-15
Added Pin To Net: NetName=SX127x_MISO Pin=D2-16
Added Pin To Net: NetName=SX127x_MOSI Pin=D2-17
Added Pin To Net: NetName=SX127x_DIO0 Pin=D2-29
Added Pin To Net: NetName=SX127x_DIO1 Pin=D2-30
Added Pin To Net: NetName=SX127x_DIO2 Pin=D2-31
Added Pin To Net: NetName=SX127x_DIO3 Pin=D2-32
Added Pin To Net: NetName=SX127x_DIO4 Pin=D2-33
Added Pin To Net: NetName=SYS_SWDIO Pin=D2-34
Added Pin To Net: NetName=NetDD1_1 Pin=D2-39
Change Net Name : Old Net Name=NetDD1_1 New Net Name=START_SETTING
Added Pin To Net: NetName=OPEN_CASE Pin=D2-2
Added Pin To Net: NetName=OPEN_CASE Pin=R3-1
Added Pin To Net: NetName=OPEN_CASE Pin=X3-1
Added Net: Name=OPEN_CASE
Added Pin To Net: NetName=RS_485_PWR_EN Pin=D2-19
Added Pin To Net: NetName=RS_485_PWR_EN Pin=R6-2
Added Net: Name=RS_485_PWR_EN
Added Pin To Net: NetName=SX127x_DIO5 Pin=D2-38
Added Pin To Net: NetName=SX127x_DIO5 Pin=D3-11
Added Net: Name=SX127x_DIO5
Added Pin To Net: NetName=SX127x_RESET Pin=D2-18
Added Pin To Net: NetName=SX127x_RESET Pin=D3-4
Added Net: Name=SX127x_RESET
Added Pin To Net: NetName=SYS_SWCLK Pin=D2-37
Added Pin To Net: NetName=SYS_SWCLK Pin=X1-3
Added Net: Name=SYS_SWCLK
Added Pin To Net: NetName=UART_RE Pin=D2-11
Added Pin To Net: NetName=UART_RE Pin=R12-2
Added Net: Name=UART_RE
Added Pin To Net: NetName=UART_RX Pin=D2-13
Added Pin To Net: NetName=UART_RX Pin=R11-2
Added Net: Name=UART_RX
Added Pin To Net: NetName=UART_TX Pin=D2-12
Added Pin To Net: NetName=UART_TX Pin=R13-2
Added Net: Name=UART_TX
Added Member To Class: ClassName=Sheet1 Member=Component C2 22pF
Added Member To Class: ClassName=Sheet1 Member=Component D2 STM32L072CBT6
Added Member To Class: ClassName=Sheet1 Member=Component D3 SX1278
Added Member To Class: ClassName=Sheet1 Member=Component R3 *
Added Member To Class: ClassName=Sheet1 Member=Component R4 *
Added Room: Name=Sheet1
