Removed Pin From Net: NetName=NetD1_1 Pin=D1-7
Removed Pin From Net: NetName=GND Pin=D1-44
Removed Pin From Net: NetName=NetR3_1 Pin=R3-1
Removed Pin From Net: NetName=NetR3_1 Pin=VD3-1
Removed Pin From Net: NetName=NetR3_1 Pin=VD4-2
Removed Pin From Net: NetName=NetR3_1 Pin=XS1-2
Change Component Comment : Designator=L1 Old Comment=* New Comment=4.7uH
Change Component Comment : Designator=C1 Old Comment=GRM188R60J106ME84J New Comment=10uF
Change Component Comment : Designator=C2 Old Comment=GRM188R60J106ME84J New Comment=10uF
Change Component Designator: OldDesignator=C1 NewDesignator=C7
Change Component Designator: OldDesignator=C2 NewDesignator=C8
Change Component Designator: OldDesignator=D1 NewDesignator=D2
Change Component Designator: OldDesignator=D2 NewDesignator=D3
Change Component Designator: OldDesignator=D3 NewDesignator=D4
Change Component Designator: OldDesignator=R1 NewDesignator=R8
Change Component Designator: OldDesignator=R2 NewDesignator=R10
Change Component Designator: OldDesignator=R3 NewDesignator=R14
Change Component Designator: OldDesignator=R4 NewDesignator=R16
Change Component Library : Designator=C7 Old Library=* New Library=SamacSys.SchLib
Change component parameters: Designator = "L1"; Footprint = "1239ASH100MP2"; UniqueID = "\PAQYFUKX"
Change component parameters. Clean all parameters for all variants
Change component parameters (AddParameter): Name = "helpURL"; Value = ""; VariantName = "[No Variations]"
Change component parameters (AddParameter): Name = "Manufacture"; Value = ""; VariantName = "[No Variations]"
Change component parameters (AddParameter): Name = "Value"; Value = "4.7uH"; VariantName = "[No Variations]"
Added Component: Designator=C1(C0805)
Add component. Clean all parameters for all variants
Add component (AddParameter): Name = "Case"; Value = ""; VariantName = "[No Variations]"
Add component (AddParameter): Name = "helpURL"; Value = ""; VariantName = "[No Variations]"
Add component (AddParameter): Name = "Manufacture"; Value = ""; VariantName = "[No Variations]"
Add component (AddParameter): Name = "Model"; Value = ""; VariantName = "[No Variations]"
Add component (AddParameter): Name = "Value"; Value = "100nF"; VariantName = "[No Variations]"
Added Component: Designator=C2(CAPC1608X87N)
Add component. Clean all parameters for all variants
Add component (AddParameter): Name = "Datasheet Link"; Value = "https://componentsearchengine.com/Datasheets/1/C0603C220F3HACTU.pdf"; VariantName = "[No Variations]"
Add component (AddParameter): Name = "Height"; Value = "0.87mm"; VariantName = "[No Variations]"
Add component (AddParameter): Name = "Manufacturer_Name"; Value = "Kemet"; VariantName = "[No Variations]"
Add component (AddParameter): Name = "Manufacturer_Part_Number"; Value = "C0603C220F3HACTU"; VariantName = "[No Variations]"
Add component (AddParameter): Name = "Mouser2 Part Number"; Value = "80-C0603C220F3HACTU"; VariantName = "[No Variations]"
Add component (AddParameter): Name = "Mouser2 Price/Stock"; Value = "https://www.mouser.com/Search/Refine.aspx?Keyword=80-C0603C220F3HACTU"; VariantName = "[No Variations]"
Added Component: Designator=C3(CAPC1608X87N)
Add component. Clean all parameters for all variants
Add component (AddParameter): Name = "Datasheet Link"; Value = "https://componentsearchengine.com/Datasheets/1/C0603C220F3HACTU.pdf"; VariantName = "[No Variations]"
Add component (AddParameter): Name = "Height"; Value = "0.87mm"; VariantName = "[No Variations]"
Add component (AddParameter): Name = "Manufacturer_Name"; Value = "Kemet"; VariantName = "[No Variations]"
Add component (AddParameter): Name = "Manufacturer_Part_Number"; Value = "C0603C220F3HACTU"; VariantName = "[No Variations]"
Add component (AddParameter): Name = "Mouser2 Part Number"; Value = "80-C0603C220F3HACTU"; VariantName = "[No Variations]"
Add component (AddParameter): Name = "Mouser2 Price/Stock"; Value = "https://www.mouser.com/Search/Refine.aspx?Keyword=80-C0603C220F3HACTU"; VariantName = "[No Variations]"
Added Component: Designator=C4(CAPC1608X87N)
Add component. Clean all parameters for all variants
Add component (AddParameter): Name = "Datasheet Link"; Value = "https://componentsearchengine.com/Datasheets/1/C0603C220F3HACTU.pdf"; VariantName = "[No Variations]"
Add component (AddParameter): Name = "Height"; Value = "0.87mm"; VariantName = "[No Variations]"
Add component (AddParameter): Name = "Manufacturer_Name"; Value = "Kemet"; VariantName = "[No Variations]"
Add component (AddParameter): Name = "Manufacturer_Part_Number"; Value = "C0603C220F3HACTU"; VariantName = "[No Variations]"
Add component (AddParameter): Name = "Mouser2 Part Number"; Value = "80-C0603C220F3HACTU"; VariantName = "[No Variations]"
Add component (AddParameter): Name = "Mouser2 Price/Stock"; Value = "https://www.mouser.com/Search/Refine.aspx?Keyword=80-C0603C220F3HACTU"; VariantName = "[No Variations]"
Added Component: Designator=C5(CAPC1608X87N)
Add component. Clean all parameters for all variants
Add component (AddParameter): Name = "Datasheet Link"; Value = "https://componentsearchengine.com/Datasheets/1/C0603C220F3HACTU.pdf"; VariantName = "[No Variations]"
Add component (AddParameter): Name = "Height"; Value = "0.87mm"; VariantName = "[No Variations]"
Add component (AddParameter): Name = "Manufacturer_Name"; Value = "Kemet"; VariantName = "[No Variations]"
Add component (AddParameter): Name = "Manufacturer_Part_Number"; Value = "C0603C220F3HACTU"; VariantName = "[No Variations]"
Add component (AddParameter): Name = "Mouser2 Part Number"; Value = "80-C0603C220F3HACTU"; VariantName = "[No Variations]"
Add component (AddParameter): Name = "Mouser2 Price/Stock"; Value = "https://www.mouser.com/Search/Refine.aspx?Keyword=80-C0603C220F3HACTU"; VariantName = "[No Variations]"
Added Component: Designator=C6(C0805)
Add component. Clean all parameters for all variants
Add component (AddParameter): Name = "Case"; Value = ""; VariantName = "[No Variations]"
Add component (AddParameter): Name = "helpURL"; Value = ""; VariantName = "[No Variations]"
Add component (AddParameter): Name = "Manufacture"; Value = ""; VariantName = "[No Variations]"
Add component (AddParameter): Name = "Model"; Value = ""; VariantName = "[No Variations]"
Add component (AddParameter): Name = "Value"; Value = "100nF"; VariantName = "[No Variations]"
Added Component: Designator=C9(C0805)
Add component. Clean all parameters for all variants
Add component (AddParameter): Name = "Case"; Value = ""; VariantName = "[No Variations]"
Add component (AddParameter): Name = "helpURL"; Value = ""; VariantName = "[No Variations]"
Add component (AddParameter): Name = "Manufacture"; Value = ""; VariantName = "[No Variations]"
Add component (AddParameter): Name = "Model"; Value = ""; VariantName = "[No Variations]"
Add component (AddParameter): Name = "Value"; Value = "100nF"; VariantName = "[No Variations]"
Added Component: Designator=DD1(SOT95P280X145-5N)
Add component. Clean all parameters for all variants
Add component (AddParameter): Name = "Datasheet Link"; Value = "http://www.ti.com/lit/gpn/sn74aup1g08"; VariantName = "[No Variations]"
Add component (AddParameter): Name = "Height"; Value = "1.45mm"; VariantName = "[No Variations]"
Add component (AddParameter): Name = "Manufacturer_Name"; Value = "Texas Instruments"; VariantName = "[No Variations]"
Add component (AddParameter): Name = "Manufacturer_Part_Number"; Value = "SN74AUP1G08DBVR"; VariantName = "[No Variations]"
Add component (AddParameter): Name = "Mouser2 Part Number"; Value = ""; VariantName = "[No Variations]"
Add component (AddParameter): Name = "Mouser2 Price/Stock"; Value = ""; VariantName = "[No Variations]"
Added Component: Designator=R1(R0603)
Add component. Clean all parameters for all variants
Add component (AddParameter): Name = "Case"; Value = ""; VariantName = "[No Variations]"
Add component (AddParameter): Name = "helpURL"; Value = ""; VariantName = "[No Variations]"
Add component (AddParameter): Name = "Manufacture"; Value = ""; VariantName = "[No Variations]"
Add component (AddParameter): Name = "Model"; Value = ""; VariantName = "[No Variations]"
Add component (AddParameter): Name = "Value"; Value = ""; VariantName = "[No Variations]"
Added Component: Designator=R2(R0603)
Add component. Clean all parameters for all variants
Add component (AddParameter): Name = "Case"; Value = ""; VariantName = "[No Variations]"
Add component (AddParameter): Name = "helpURL"; Value = ""; VariantName = "[No Variations]"
Add component (AddParameter): Name = "Manufacture"; Value = ""; VariantName = "[No Variations]"
Add component (AddParameter): Name = "Model"; Value = ""; VariantName = "[No Variations]"
Add component (AddParameter): Name = "Value"; Value = ""; VariantName = "[No Variations]"
Added Component: Designator=R3(R0603)
Add component. Clean all parameters for all variants
Add component (AddParameter): Name = "Case"; Value = ""; VariantName = "[No Variations]"
Add component (AddParameter): Name = "helpURL"; Value = ""; VariantName = "[No Variations]"
Add component (AddParameter): Name = "Manufacture"; Value = ""; VariantName = "[No Variations]"
Add component (AddParameter): Name = "Model"; Value = ""; VariantName = "[No Variations]"
Add component (AddParameter): Name = "Value"; Value = ""; VariantName = "[No Variations]"
Added Component: Designator=R4(R0603)
Add component. Clean all parameters for all variants
Add component (AddParameter): Name = "Case"; Value = ""; VariantName = "[No Variations]"
Add component (AddParameter): Name = "helpURL"; Value = ""; VariantName = "[No Variations]"
Add component (AddParameter): Name = "Manufacture"; Value = ""; VariantName = "[No Variations]"
Add component (AddParameter): Name = "Model"; Value = ""; VariantName = "[No Variations]"
Add component (AddParameter): Name = "Value"; Value = ""; VariantName = "[No Variations]"
Added Component: Designator=R5(R0603)
Add component. Clean all parameters for all variants
Add component (AddParameter): Name = "Case"; Value = ""; VariantName = "[No Variations]"
Add component (AddParameter): Name = "helpURL"; Value = ""; VariantName = "[No Variations]"
Add component (AddParameter): Name = "Manufacture"; Value = ""; VariantName = "[No Variations]"
Add component (AddParameter): Name = "Model"; Value = ""; VariantName = "[No Variations]"
Add component (AddParameter): Name = "Value"; Value = ""; VariantName = "[No Variations]"
Added Component: Designator=R6(R0603)
Add component. Clean all parameters for all variants
Add component (AddParameter): Name = "Case"; Value = ""; VariantName = "[No Variations]"
Add component (AddParameter): Name = "helpURL"; Value = ""; VariantName = "[No Variations]"
Add component (AddParameter): Name = "Manufacture"; Value = ""; VariantName = "[No Variations]"
Add component (AddParameter): Name = "Model"; Value = ""; VariantName = "[No Variations]"
Add component (AddParameter): Name = "Value"; Value = ""; VariantName = "[No Variations]"
Added Component: Designator=R7(R0603)
Add component. Clean all parameters for all variants
Add component (AddParameter): Name = "Case"; Value = ""; VariantName = "[No Variations]"
Add component (AddParameter): Name = "helpURL"; Value = ""; VariantName = "[No Variations]"
Add component (AddParameter): Name = "Manufacture"; Value = ""; VariantName = "[No Variations]"
Add component (AddParameter): Name = "Model"; Value = ""; VariantName = "[No Variations]"
Add component (AddParameter): Name = "Value"; Value = ""; VariantName = "[No Variations]"
Added Component: Designator=R9(R0603)
Add component. Clean all parameters for all variants
Add component (AddParameter): Name = "Case"; Value = ""; VariantName = "[No Variations]"
Add component (AddParameter): Name = "helpURL"; Value = ""; VariantName = "[No Variations]"
Add component (AddParameter): Name = "Manufacture"; Value = ""; VariantName = "[No Variations]"
Add component (AddParameter): Name = "Model"; Value = ""; VariantName = "[No Variations]"
Add component (AddParameter): Name = "Value"; Value = ""; VariantName = "[No Variations]"
Added Component: Designator=R11(R0603)
Add component. Clean all parameters for all variants
Add component (AddParameter): Name = "Case"; Value = ""; VariantName = "[No Variations]"
Add component (AddParameter): Name = "helpURL"; Value = ""; VariantName = "[No Variations]"
Add component (AddParameter): Name = "Manufacture"; Value = ""; VariantName = "[No Variations]"
Add component (AddParameter): Name = "Model"; Value = ""; VariantName = "[No Variations]"
Add component (AddParameter): Name = "Value"; Value = ""; VariantName = "[No Variations]"
Added Component: Designator=R12(R0603)
Add component. Clean all parameters for all variants
Add component (AddParameter): Name = "Case"; Value = ""; VariantName = "[No Variations]"
Add component (AddParameter): Name = "helpURL"; Value = ""; VariantName = "[No Variations]"
Add component (AddParameter): Name = "Manufacture"; Value = ""; VariantName = "[No Variations]"
Add component (AddParameter): Name = "Model"; Value = ""; VariantName = "[No Variations]"
Add component (AddParameter): Name = "Value"; Value = ""; VariantName = "[No Variations]"
Added Component: Designator=R13(R0603)
Add component. Clean all parameters for all variants
Add component (AddParameter): Name = "Case"; Value = ""; VariantName = "[No Variations]"
Add component (AddParameter): Name = "helpURL"; Value = ""; VariantName = "[No Variations]"
Add component (AddParameter): Name = "Manufacture"; Value = ""; VariantName = "[No Variations]"
Add component (AddParameter): Name = "Model"; Value = ""; VariantName = "[No Variations]"
Add component (AddParameter): Name = "Value"; Value = ""; VariantName = "[No Variations]"
Added Component: Designator=R15(R0603)
Add component. Clean all parameters for all variants
Add component (AddParameter): Name = "Case"; Value = ""; VariantName = "[No Variations]"
Add component (AddParameter): Name = "helpURL"; Value = ""; VariantName = "[No Variations]"
Add component (AddParameter): Name = "Manufacture"; Value = ""; VariantName = "[No Variations]"
Add component (AddParameter): Name = "Model"; Value = ""; VariantName = "[No Variations]"
Add component (AddParameter): Name = "Value"; Value = ""; VariantName = "[No Variations]"
Added Component: Designator=X1(HDRV1W64P254_1X4_254X241X838P)
Add component. Clean all parameters for all variants
Add component (AddParameter): Name = "Case"; Value = "Terminal Bloak"; VariantName = "[No Variations]"
Add component (AddParameter): Name = "helpURL"; Value = "https://www.digikey.com/product-detail/en/te-connectivity-amp-connectors/1776275-4/A98038-ND/1826901"; VariantName = "[No Variations]"
Add component (AddParameter): Name = "Manufacture"; Value = "TE Connectivity AMP Connectors"; VariantName = "[No Variations]"
Add component (AddParameter): Name = "Model"; Value = ""; VariantName = "[No Variations]"
Add component (AddParameter): Name = "Part number"; Value = "1776275-4"; VariantName = "[No Variations]"
Added Component: Designator=X2(Pad_Connector_2)
Add component. Clean all parameters for all variants
Added Component: Designator=X3(Pad_Connector_2)
Add component. Clean all parameters for all variants
Added Component: Designator=ZQ1(ECS80185PLXAGNTR)
Add component. Clean all parameters for all variants
Add component (AddParameter): Name = "Datasheet Link"; Value = ""; VariantName = "[No Variations]"
Add component (AddParameter): Name = "Height"; Value = "3.2mm"; VariantName = "[No Variations]"
Add component (AddParameter): Name = "Manufacturer_Name"; Value = "ECS"; VariantName = "[No Variations]"
Add component (AddParameter): Name = "Manufacturer_Part_Number"; Value = "ECS-80-18-5PLX-AGN-TR"; VariantName = "[No Variations]"
Add component (AddParameter): Name = "Mouser2 Part Number"; Value = ""; VariantName = "[No Variations]"
Add component (AddParameter): Name = "Mouser2 Price/Stock"; Value = ""; VariantName = "[No Variations]"
Added Component: Designator=ZQ2(CM7VT1A32768kHz125pF10PPMTBQC)
Add component. Clean all parameters for all variants
Add component (AddParameter): Name = "Datasheet Link"; Value = "https://componentsearchengine.com/Datasheets/1/CM7V-T1A-32.768k-9pF-20PPM-TA-QA T3.pdf"; VariantName = "[No Variations]"
Add component (AddParameter): Name = "Height"; Value = "0.65mm"; VariantName = "[No Variations]"
Add component (AddParameter): Name = "Manufacturer_Name"; Value = "MICRO CRYSTAL"; VariantName = "[No Variations]"
Add component (AddParameter): Name = "Manufacturer_Part_Number"; Value = "CM7V-T1A-32.768k-9pF-20PPM-TA-QA T3"; VariantName = "[No Variations]"
Add component (AddParameter): Name = "Mouser2 Part Number"; Value = "428-201568-MG03"; VariantName = "[No Variations]"
Add component (AddParameter): Name = "Mouser2 Price/Stock"; Value = "https://www.mouser.com/Search/Refine.aspx?Keyword=428-201568-MG03"; VariantName = "[No Variations]"
Added Pin To Net: NetName=GND Pin=C1-1
Added Pin To Net: NetName=NetD1_1 Pin=C1-2
Added Pin To Net: NetName=GND Pin=C2-1
Added Pin To Net: NetName=GND Pin=C3-1
Added Pin To Net: NetName=GND Pin=C4-1
Added Pin To Net: NetName=GND Pin=C5-1
Added Pin To Net: NetName=NetD1_1 Pin=C6-1
Added Pin To Net: NetName=GND Pin=C6-2
Added Pin To Net: NetName=NetD1_1 Pin=C7-2
Added Pin To Net: NetName=GND Pin=C9-1
Added Pin To Net: NetName=NetC2_2 Pin=C9-2
Added Pin To Net: NetName=NetD1_1 Pin=D3-3
Added Pin To Net: NetName=GND Pin=DD1-3
Added Pin To Net: NetName=NetD1_1 Pin=DD1-5
Added Pin To Net: NetName=NetD1_1 Pin=L1-1
Added Pin To Net: NetName=NetD1_1 Pin=R1-1
Added Pin To Net: NetName=GND Pin=R2-2
Added Pin To Net: NetName=NetR3_1 Pin=R3-1
Added Pin To Net: NetName=NetD1_1 Pin=R3-2
Added Pin To Net: NetName=NetD1_1 Pin=R4-2
Added Pin To Net: NetName=NetD1_1 Pin=R7-2
Added Pin To Net: NetName=NetD3_7 Pin=R9-2
Added Pin To Net: NetName=NetD3_6 Pin=R15-2
Added Pin To Net: NetName=NetD3_7 Pin=VD2-1
Added Pin To Net: NetName=NetD3_6 Pin=VD3-1
Added Pin To Net: NetName=NetD3_7 Pin=VD3-2
Added Pin To Net: NetName=NetD3_6 Pin=VD4-2
Added Pin To Net: NetName=GND Pin=X1-1
Added Pin To Net: NetName=NetD1_1 Pin=X1-4
Added Pin To Net: NetName=GND Pin=X2-1
Added Pin To Net: NetName=NetR3_1 Pin=X3-1
Added Pin To Net: NetName=GND Pin=X3-2
Change Net Name : Old Net Name=NetC2_2 New Net Name=NetC8_2
Change Net Name : Old Net Name=NetD1_1 New Net Name=3V3
Change Net Name : Old Net Name=NetD3_6 New Net Name=NetD4_6
Change Net Name : Old Net Name=NetD3_7 New Net Name=NetD4_7
Added Pin To Net: NetName=COUNTER Pin=D2-40
Added Pin To Net: NetName=COUNTER Pin=DD1-2
Added Pin To Net: NetName=COUNTER Pin=R7-1
Added Pin To Net: NetName=COUNTER Pin=VD1-1
Added Pin To Net: NetName=COUNTER Pin=XS1-4
Added Net: Name=COUNTER
Added Pin To Net: NetName=NetC2_2 Pin=C2-2
Added Pin To Net: NetName=NetC2_2 Pin=D2-5
Added Pin To Net: NetName=NetC2_2 Pin=ZQ1-1
Added Net: Name=NetC2_2
Added Pin To Net: NetName=NetC3_2 Pin=C3-2
Added Pin To Net: NetName=NetC3_2 Pin=D2-6
Added Pin To Net: NetName=NetC3_2 Pin=ZQ1-2
Added Net: Name=NetC3_2
Added Pin To Net: NetName=NetC4_2 Pin=C4-2
Added Pin To Net: NetName=NetC4_2 Pin=D2-4
Added Pin To Net: NetName=NetC4_2 Pin=ZQ2-1
Added Net: Name=NetC4_2
Added Pin To Net: NetName=NetC5_2 Pin=C5-2
Added Pin To Net: NetName=NetC5_2 Pin=D2-3
Added Pin To Net: NetName=NetC5_2 Pin=ZQ2-2
Added Net: Name=NetC5_2
Added Pin To Net: NetName=NetD1_2 Pin=X2-2
Added Net: Name=NetD1_2
Added Pin To Net: NetName=NetD2_7 Pin=D2-7
Added Pin To Net: NetName=NetD2_7 Pin=R1-2
Added Net: Name=NetD2_7
Added Pin To Net: NetName=NetD2_44 Pin=D2-44
Added Pin To Net: NetName=NetD2_44 Pin=R2-1
Added Net: Name=NetD2_44
Added Pin To Net: NetName=NetD4_1 Pin=D4-1
Added Pin To Net: NetName=NetD4_1 Pin=R9-1
Added Pin To Net: NetName=NetD4_1 Pin=R11-1
Added Net: Name=NetD4_1
Added Pin To Net: NetName=NetD4_2 Pin=D4-2
Added Pin To Net: NetName=NetD4_2 Pin=D4-3
Added Pin To Net: NetName=NetD4_2 Pin=R12-1
Added Net: Name=NetD4_2
Added Pin To Net: NetName=NetD4_4 Pin=D4-4
Added Pin To Net: NetName=NetD4_4 Pin=R13-1
Added Pin To Net: NetName=NetD4_4 Pin=R15-1
Added Net: Name=NetD4_4
Added Pin To Net: NetName=NetDA1_6 Pin=DA1-6
Added Pin To Net: NetName=NetDA1_6 Pin=R6-1
Added Net: Name=NetDA1_6
Added Pin To Net: NetName=NetDD1_1 Pin=DD1-1
Added Pin To Net: NetName=NetDD1_1 Pin=R4-1
Added Pin To Net: NetName=NetDD1_1 Pin=R5-2
Added Net: Name=NetDD1_1
Added Pin To Net: NetName=NetDD1_4 Pin=DD1-4
Added Pin To Net: NetName=NetDD1_4 Pin=R5-1
Added Net: Name=NetDD1_4
Added Pin To Net: NetName=NetR10_1 Pin=R10-1
Added Pin To Net: NetName=NetR10_1 Pin=XS1-3
Added Net: Name=NetR10_1
Added Pin To Net: NetName=NetR14_1 Pin=R14-1
Added Pin To Net: NetName=NetR14_1 Pin=XS1-2
Added Net: Name=NetR14_1
Added Pin To Net: NetName=SX127x_DIO0 Pin=D3-5
Added Net: Name=SX127x_DIO0
Added Pin To Net: NetName=SX127x_DIO1 Pin=D3-6
Added Net: Name=SX127x_DIO1
Added Pin To Net: NetName=SX127x_DIO2 Pin=D3-7
Added Net: Name=SX127x_DIO2
Added Pin To Net: NetName=SX127x_DIO3 Pin=D3-8
Added Net: Name=SX127x_DIO3
Added Pin To Net: NetName=SX127x_DIO4 Pin=D3-10
Added Net: Name=SX127x_DIO4
Added Pin To Net: NetName=SX127x_MISO Pin=D3-13
Added Net: Name=SX127x_MISO
Added Pin To Net: NetName=SX127x_MOSI Pin=D3-14
Added Net: Name=SX127x_MOSI
Added Pin To Net: NetName=SX127x_NSS Pin=D3-15
Added Net: Name=SX127x_NSS
Added Pin To Net: NetName=SX127x_SCK Pin=D3-12
Added Net: Name=SX127x_SCK
Added Pin To Net: NetName=SYS_SWDIO Pin=X1-2
Added Net: Name=SYS_SWDIO
Added Pin To Net: NetName=WKUP1 Pin=D2-10
Added Net: Name=WKUP1
Added Member To Class: ClassName=Sheet1 Member=Component C3 22pF
Added Member To Class: ClassName=Sheet1 Member=Component C4 22pF
Added Member To Class: ClassName=Sheet1 Member=Component C5 22pF
Added Member To Class: ClassName=Sheet1 Member=Component C6 100nF
Added Member To Class: ClassName=Sheet1 Member=Component C7 10uF
Added Member To Class: ClassName=Sheet1 Member=Component C8 10uF
Added Member To Class: ClassName=Sheet1 Member=Component C9 100nF
Added Member To Class: ClassName=Sheet1 Member=Component D4 ST485CDR
Added Member To Class: ClassName=Sheet1 Member=Component DD1 SN74AUP1G08DBVR
Added Member To Class: ClassName=Sheet1 Member=Component R3 *
Added Member To Class: ClassName=Sheet1 Member=Component R4 *
Added Member To Class: ClassName=Sheet1 Member=Component R5 *
Added Member To Class: ClassName=Sheet1 Member=Component R6 *
Added Member To Class: ClassName=Sheet1 Member=Component R7 *
Added Member To Class: ClassName=Sheet1 Member=Component R8 *
Added Member To Class: ClassName=Sheet1 Member=Component R9 *
Added Member To Class: ClassName=Sheet1 Member=Component R10 *
Added Member To Class: ClassName=Sheet1 Member=Component R11 *
Added Member To Class: ClassName=Sheet1 Member=Component R12 *
Added Member To Class: ClassName=Sheet1 Member=Component R13 *
Added Member To Class: ClassName=Sheet1 Member=Component R14 *
Added Member To Class: ClassName=Sheet1 Member=Component R15 *
Added Member To Class: ClassName=Sheet1 Member=Component R16 *
Added Member To Class: ClassName=Sheet1 Member=Component X1 Value
Added Member To Class: ClassName=Sheet1 Member=Component X2 Connector_2
Added Member To Class: ClassName=Sheet1 Member=Component X3 Connector_2
Added Member To Class: ClassName=Sheet1 Member=Component ZQ1 8MHz
Added Member To Class: ClassName=Sheet1 Member=Component ZQ2 32.768k
Added Room: Name=Sheet1
